<?xml version="1.0" encoding="UTF-8"?>
<testng-results skipped="0" failed="0" total="1" passed="1">
  <reporter-output>
  </reporter-output>
  <suite name="Default suite" duration-ms="60837" started-at="2015-11-24T07:02:25Z" finished-at="2015-11-24T07:03:26Z">
    <groups>
    </groups>
    <test name="Default test" duration-ms="60837" started-at="2015-11-24T07:02:25Z" finished-at="2015-11-24T07:03:26Z">
      <class name="sobet.com.smokingtest.Sobet_02_login_logout">
        <test-method status="PASS" signature="setUp()[pri:0, instance:sobet.com.smokingtest.Sobet_02_login_logout@6833ce2c]" name="setUp" is-config="true" duration-ms="43804" started-at="2015-11-24T15:02:25Z" finished-at="2015-11-24T15:03:09Z">
          <reporter-output>
          </reporter-output>
        </test-method> <!-- setUp -->
        <test-method status="PASS" signature="testCase(java.util.Map)[pri:0, instance:sobet.com.smokingtest.Sobet_02_login_logout@6833ce2c]" name="testCase" duration-ms="15089" started-at="2015-11-24T15:03:09Z" data-provider="dp" finished-at="2015-11-24T15:03:24Z">
          <params>
            <param index="0">
              <value>
                <![CDATA[{=, user_name1=kris00, expect=kris00, password=kris1234, login_button=//*[@class='btn'], user_name=//input[@id='username'], password_Box=//input[@id='password'], logout_button=//*[@class='quitall hand'], confirm_OK=//*[@i-id='logout-ok'], url=http://www.sobet.tk/sobet/login, login_label=//*[@class='lgn']}]]>
              </value>
            </param>
          </params>
          <reporter-output>
          </reporter-output>
        </test-method> <!-- testCase -->
        <test-method status="PASS" signature="tearDown()[pri:0, instance:sobet.com.smokingtest.Sobet_02_login_logout@6833ce2c]" name="tearDown" is-config="true" duration-ms="1847" started-at="2015-11-24T15:03:24Z" finished-at="2015-11-24T15:03:26Z">
          <reporter-output>
          </reporter-output>
        </test-method> <!-- tearDown -->
      </class> <!-- sobet.com.smokingtest.Sobet_02_login_logout -->
    </test> <!-- Default test -->
  </suite> <!-- Default suite -->
</testng-results>
